name:test,score:13.645797855097594,score0:17.25586245618043,score1:14.016031893379836,score2:15.86487202352776,score3:12.576313211653357,score4:8.515909690746593
name:test	score:13.645797855097594	score0:17.25586245618043	score1:14.016031893379836	score2:15.86487202352776	score3:12.576313211653357	score4:8.515909690746593
name:test	score:13.645797855097594	score0:17.25586245618043	score1:14.016031893379836	score2:15.86487202352776	score3:12.576313211653357	score4:8.515909690746593
name:test	score:13.645797855097594	score0:17.25586245618043	score1:14.016031893379836	score2:15.86487202352776	score3:12.576313211653357	score4:8.515909690746593
name:test	score:13.645797855097594	score0:17.25586245618043	score1:14.016031893379836	score2:15.86487202352776	score3:12.576313211653357	score4:8.515909690746593
name:test	score:28.112287854513685	score0:28.112287854513685
name:test
score:13.645797855097594
score0:17.25586245618043
score1:14.016031893379836
score2:15.86487202352776
score3:12.576313211653357
score4:8.515909690746593
name:test
score:28.112287854513685
score0:28.112287854513685
name:test
score:13.645797855097594
score0:17.25586245618043
score1:14.016031893379836
score2:15.86487202352776
score3:12.576313211653357
score4:8.515909690746593
name:test
score:28.112287854513685
score0:28.112287854513685
name:test
score:13.645797855097594
score0:17.25586245618043
score1:14.016031893379836
score2:15.86487202352776
score3:12.576313211653357
score4:8.515909690746593
name:test
score:28.112287854513685
score0:28.112287854513685
name:test
	score:13.645797855097594
	score0:17.25586245618043
	score1:14.016031893379836
	score2:15.86487202352776
	score3:12.576313211653357
	score4:8.515909690746593
name:test
	score:28.112287854513685
	score0:28.112287854513685
name:test
	score:13.645797855097594
	score0:17.25586245618043
	score1:14.016031893379836
	score2:15.86487202352776
	score3:12.576313211653357
	score4:8.515909690746593
name:test
	score:28.112287854513685
	score0:28.112287854513685
name:test
	score:13.645797855097594
	score0:17.25586245618043
	score1:14.016031893379836
	score2:15.86487202352776
	score3:12.576313211653357
	score4:8.515909690746593
name:test
	score:28.112287854513685
	score0:28.112287854513685
name:test
	score:13.645797855097594
	score0:17.25586245618043
	score1:14.016031893379836
	score2:15.86487202352776
	score3:12.576313211653357
	score4:8.515909690746593
name:test
	score:28.112287854513685
	score0:28.112287854513685
name:test
	score:13.645797855097594
	score0:17.25586245618043
	score1:14.016031893379836
	score2:15.86487202352776
	score3:12.576313211653357
	score4:8.515909690746593
name:test
	score:28.112287854513685
	score0:28.112287854513685
name:test
	score:13.645797855097594
	score0:17.25586245618043
	score1:14.016031893379836
	score2:15.86487202352776
	score3:12.576313211653357
	score4:8.515909690746593
name:test
	score:28.84131193211593
	score0:36.90657467155284
	score1:25.619899542469447
	score2:26.540026193191864
	score3:28.582372107683305
	score4:26.557687145682188
name:test
	score:13.077323886995034
	score0:14.878810020139705
	score1:17.368201310998177
	score2:12.09509069715188
	score3:7.967193519690371
name:test
	score:27.079756549081576
	score0:26.996634210036795
	score1:27.105544996316823
	score2:27.291891226473627
	score3:26.924955763499057
name:test
	score:12.484338844415586
	score0:15.03058526035946
	score1:16.646309375444666
	score2:10.534018504683909
	score3:7.726442237174307
name:test
	score:25.29843306875885
	score0:25.129285765610472
	score1:26.052553231326282
	score2:24.60836821015048
	score3:25.403525067948166
name:test
	score:12.484338844415586
	score0:15.03058526035946
	score1:16.646309375444666
	score2:10.534018504683909
	score3:7.726442237174307
name:test
	score:25.29843306875885
	score0:25.129285765610472
	score1:26.052553231326282
	score2:24.60836821015048
	score3:25.403525067948166
name:test
	score:12.484338844415586
	score0:15.03058526035946
	score1:16.646309375444666
	score2:10.534018504683909
	score3:7.726442237174307
name:test
	score:25.29843306875885
	score0:25.129285765610472
	score1:26.052553231326282
	score2:24.60836821015048
	score3:25.403525067948166
name:test
	score:12.484338844415586
	score0:15.03058526035946
	score1:16.646309375444666
	score2:10.534018504683909
	score3:7.726442237174307
name:test
	score:25.29843306875885
	score0:25.129285765610472
	score1:26.052553231326282
	score2:24.60836821015048
	score3:25.403525067948166
name:test
	score:12.484338844415586
	score0:15.03058526035946
	score1:16.646309375444666
	score2:10.534018504683909
	score3:7.726442237174307
name:test
	score:25.29843306875885
	score0:25.129285765610472
	score1:26.052553231326282
	score2:24.60836821015048
	score3:25.403525067948166
name:test
	score:12.484338844415586
	score0:15.03058526035946
	score1:16.646309375444666
	score2:10.534018504683909
	score3:7.726442237174307
name:test
	score:25.29843306875885
	score0:25.129285765610472
	score1:26.052553231326282
	score2:24.60836821015048
	score3:25.403525067948166
name:test
	score:12.484338844415586
	score0:15.03058526035946
	score1:16.646309375444666
	score2:10.534018504683909
	score3:7.726442237174307
name:test
	score:25.29843306875885
	score0:25.129285765610472
	score1:26.052553231326282
	score2:24.60836821015048
	score3:25.403525067948166
name:test
	score:12.484338844415586
	score0:15.03058526035946
	score1:16.646309375444666
	score2:10.534018504683909
	score3:7.726442237174307
name:test
	score:25.29843306875885
	score0:25.129285765610472
	score1:26.052553231326282
	score2:24.60836821015048
	score3:25.403525067948166
name:test
	score:12.484338844415586
	score0:15.03058526035946
	score1:16.646309375444666
	score2:10.534018504683909
	score3:7.726442237174307
name:test
	score:25.29843306875885
	score0:25.129285765610472
	score1:26.052553231326282
	score2:24.60836821015048
	score3:25.403525067948166
name:test
	score:12.484338844415586
	score0:15.03058526035946
	score1:16.646309375444666
	score2:10.534018504683909
	score3:7.726442237174307
name:test
	score:25.29843306875885
	score0:25.129285765610472
	score1:26.052553231326282
	score2:24.60836821015048
	score3:25.403525067948166
name:test
	score:12.484338844415586
	score0:15.03058526035946
	score1:16.646309375444666
	score2:10.534018504683909
	score3:7.726442237174307
name:test
	score:25.29843306875885
	score0:25.129285765610472
	score1:26.052553231326282
	score2:24.60836821015048
	score3:25.403525067948166
name:test
	score:12.484338844415586
	score0:15.03058526035946
	score1:16.646309375444666
	score2:10.534018504683909
	score3:7.726442237174307
name:test
	score:25.29843306875885
	score0:25.129285765610472
	score1:26.052553231326282
	score2:24.60836821015048
	score3:25.403525067948166
name:test
	score:12.484338844415586
	score0:15.03058526035946
	score1:16.646309375444666
	score2:10.534018504683909
	score3:7.726442237174307
name:test
	score:25.29843306875885
	score0:25.129285765610472
	score1:26.052553231326282
	score2:24.60836821015048
	score3:25.403525067948166
name:test
	score:12.484338844415586
	score0:15.03058526035946
	score1:16.646309375444666
	score2:10.534018504683909
	score3:7.726442237174307
name:test
	score:25.29843306875885
	score0:25.129285765610472
	score1:26.052553231326282
	score2:24.60836821015048
	score3:25.403525067948166
name:test
	score:12.484338844415586
	score0:15.03058526035946
	score1:16.646309375444666
	score2:10.534018504683909
	score3:7.726442237174307
name:test
	score:25.29843306875885
	score0:25.129285765610472
	score1:26.052553231326282
	score2:24.60836821015048
	score3:25.403525067948166
name:test
	score:12.484338844415586
	score0:15.03058526035946
	score1:16.646309375444666
	score2:10.534018504683909
	score3:7.726442237174307
name:test
	score:25.29843306875885
	score0:25.129285765610472
	score1:26.052553231326282
	score2:24.60836821015048
	score3:25.403525067948166
name:test
	score:12.280236845863508
	score0:15.03058526035946
	score1:16.133807042721596
	score2:10.534018504683909
	score3:7.422536575689065
name:test
	score:24.34268733348896
	score0:25.129285765610472
	score1:23.81013395375724
	score2:24.60836821015048
	score3:23.822961404437656
name:test
	score:12.484338844415586
	score0:15.03058526035946
	score1:16.646309375444666
	score2:10.534018504683909
	score3:7.726442237174307
name:test
	score:25.29843306875885
	score0:25.129285765610472
	score1:26.052553231326282
	score2:24.60836821015048
	score3:25.403525067948166
name:test
	score:12.484338844415586
	score0:15.03058526035946
	score1:16.646309375444666
	score2:10.534018504683909
	score3:7.726442237174307
name:test
	score:25.29843306875885
	score0:25.129285765610472
	score1:26.052553231326282
	score2:24.60836821015048
	score3:25.403525067948166
name:test
	score:12.552596757158224
	score0:15.623294048630491
	score1:16.16612597222972
	score2:10.712363002305274
	score3:7.70860400546741
name:test
	score:23.844316959801272
	score0:23.743455206078043
	score1:23.812733174708217
	score2:24.474760363178902
	score3:23.346319095239934
name:test
	score:12.552596757158224
	score0:15.623294048630491
	score1:16.16612597222972
	score2:10.712363002305274
	score3:7.70860400546741
name:test
	score:23.844316959801272
	score0:23.743455206078043
	score1:23.812733174708217
	score2:24.474760363178902
	score3:23.346319095239934
name:test
	score:12.280236845863508
	score0:15.03058526035946
	score1:16.133807042721596
	score2:10.534018504683909
	score3:7.422536575689065
name:test
	score:24.34268733348896
	score0:25.129285765610472
	score1:23.81013395375724
	score2:24.60836821015048
	score3:23.822961404437656
name:test
	score:12.280236845863508
	score0:15.03058526035946
	score1:16.133807042721596
	score2:10.534018504683909
	score3:7.422536575689065
name:test
	score:24.34268733348896
	score0:25.129285765610472
	score1:23.81013395375724
	score2:24.60836821015048
	score3:23.822961404437656
name:test
	score:12.280236845863508
	score0:15.03058526035946
	score1:16.133807042721596
	score2:10.534018504683909
	score3:7.422536575689065
name:test
	score:24.34268733348896
	score0:25.129285765610472
	score1:23.81013395375724
	score2:24.60836821015048
	score3:23.822961404437656
name:test
	score:12.280236845863508
	score0:15.03058526035946
	score1:16.133807042721596
	score2:10.534018504683909
	score3:7.422536575689065
name:test
	score:24.34268733348896
	score0:25.129285765610472
	score1:23.81013395375724
	score2:24.60836821015048
	score3:23.822961404437656
name:test
	score:12.280236845863508
	score0:15.03058526035946
	score1:16.133807042721596
	score2:10.534018504683909
	score3:7.422536575689065
name:test
	score:24.34268733348896
	score0:25.129285765610472
	score1:23.81013395375724
	score2:24.60836821015048
	score3:23.822961404437656
name:test
	score:12.280236845863508
	score0:15.03058526035946
	score1:16.133807042721596
	score2:10.534018504683909
	score3:7.422536575689065
name:test
	score:24.34268733348896
	score0:25.129285765610472
	score1:23.81013395375724
	score2:24.60836821015048
	score3:23.822961404437656
name:test
	score:12.280236845863508
	score0:15.03058526035946
	score1:16.133807042721596
	score2:10.534018504683909
	score3:7.422536575689065
name:test
	score:24.34268733348896
	score0:25.129285765610472
	score1:23.81013395375724
	score2:24.60836821015048
	score3:23.822961404437656
name:test
	score:12.280236845863508
	score0:15.03058526035946
	score1:16.133807042721596
	score2:10.534018504683909
	score3:7.422536575689065
name:test
	score:24.34268733348896
	score0:25.129285765610472
	score1:23.81013395375724
	score2:24.60836821015048
	score3:23.822961404437656
name:test
	score:12.280236845863508
	score0:15.03058526035946
	score1:16.133807042721596
	score2:10.534018504683909
	score3:7.422536575689065
name:test
	score:24.34268733348896
	score0:25.129285765610472
	score1:23.81013395375724
	score2:24.60836821015048
	score3:23.822961404437656
name:test
	score:12.280236845863508
	score0:15.03058526035946
	score1:16.133807042721596
	score2:10.534018504683909
	score3:7.422536575689065
name:test
	score:24.34268733348896
	score0:25.129285765610472
	score1:23.81013395375724
	score2:24.60836821015048
	score3:23.822961404437656
name:test
	score:12.280236845863508
	score0:15.03058526035946
	score1:16.133807042721596
	score2:10.534018504683909
	score3:7.422536575689065
name:test
	score:24.34268733348896
	score0:25.129285765610472
	score1:23.81013395375724
	score2:24.60836821015048
	score3:23.822961404437656
name:test
	score:12.280236845863508
	score0:15.03058526035946
	score1:16.133807042721596
	score2:10.534018504683909
	score3:7.422536575689065
name:test
	score:24.34268733348896
	score0:25.129285765610472
	score1:23.81013395375724
	score2:24.60836821015048
	score3:23.822961404437656
name:test
	score:12.280236845863508
	score0:15.03058526035946
	score1:16.133807042721596
	score2:10.534018504683909
	score3:7.422536575689065
name:test
	score:24.34268733348896
	score0:25.129285765610472
	score1:23.81013395375724
	score2:24.60836821015048
	score3:23.822961404437656
name:test
	score:12.280236845863508
	score0:15.03058526035946
	score1:16.133807042721596
	score2:10.534018504683909
	score3:7.422536575689065
name:test
	score:24.34268733348896
	score0:25.129285765610472
	score1:23.81013395375724
	score2:24.60836821015048
	score3:23.822961404437656
name:test
	score:12.280236845863508
	score0:15.03058526035946
	score1:16.133807042721596
	score2:10.534018504683909
	score3:7.422536575689065
name:test
	score:24.34268733348896
	score0:25.129285765610472
	score1:23.81013395375724
	score2:24.60836821015048
	score3:23.822961404437656
name:test
	score:12.280236845863508
	score0:15.03058526035946
	score1:16.133807042721596
	score2:10.534018504683909
	score3:7.422536575689065
name:test
	score:24.34268733348896
	score0:25.129285765610472
	score1:23.81013395375724
	score2:24.60836821015048
	score3:23.822961404437656
name:test
	score:12.280236845863508
	score0:15.03058526035946
	score1:16.133807042721596
	score2:10.534018504683909
	score3:7.422536575689065
name:test
	score:24.34268733348896
	score0:25.129285765610472
	score1:23.81013395375724
	score2:24.60836821015048
	score3:23.822961404437656
name:test
	score:11.65861280039443
	score0:14.229290156346979
	score1:15.645489006436724
	score2:9.857342684731329
	score3:6.902329354062687
name:test
	score:22.257826131670406
	score0:22.164269183050653
	score1:22.341906096845523
	score2:22.688902374015232
	score3:21.83622687277022
name:test
	score:11.65861280039443
	score0:14.229290156346979
	score1:15.645489006436724
	score2:9.857342684731329
	score3:6.902329354062687
name:test
	score:22.257826131670406
	score0:22.164269183050653
	score1:22.341906096845523
	score2:22.688902374015232
	score3:21.83622687277022
name:test
	score:10.924016759575075
	score0:12.670591250655187
	score1:14.544225392872324
	score2:9.27836727736128
	score3:7.2028831174115
name:test
	score:21.764159341907853
	score0:20.65308768050066
	score1:23.600107691835518
	score2:22.088819279479466
	score3:20.714622715815768
name:test
	score:10.924016759575075
	score0:12.670591250655187
	score1:14.544225392872324
	score2:9.27836727736128
	score3:7.2028831174115
name:test
	score:21.764159341907853
	score0:20.65308768050066
	score1:23.600107691835518
	score2:22.088819279479466
	score3:20.714622715815768
name:test
	score:10.924016759575075
	score0:12.670591250655187
	score1:14.544225392872324
	score2:9.27836727736128
	score3:7.2028831174115
name:test
	score:21.764159341907853
	score0:20.65308768050066
	score1:23.600107691835518
	score2:22.088819279479466
	score3:20.714622715815768
name:test
	score:12.280236845863508
	score0:15.03058526035946
	score1:16.133807042721596
	score2:10.534018504683909
	score3:7.422536575689065
name:test
	score:24.34268733348896
	score0:25.129285765610472
	score1:23.81013395375724
	score2:24.60836821015048
	score3:23.822961404437656
name:test
	score:11.65861280039443
	score0:14.229290156346979
	score1:15.645489006436724
	score2:9.857342684731329
	score3:6.902329354062687
name:test
	score:22.257826131670406
	score0:22.164269183050653
	score1:22.341906096845523
	score2:22.688902374015232
	score3:21.83622687277022
name:test
	score:10.985566219019116
	score0:13.442850477694533
	score1:14.339160512022389
	score2:9.203822164940586
	score3:6.956431721418951
name:test
	score:21.824733596137143
	score0:21.55531786071827
	score1:23.21650977163857
	score2:21.913241023058777
	score3:20.613865729132957
name:test
	score:10.985566219019116
	score0:13.442850477694533
	score1:14.339160512022389
	score2:9.203822164940586
	score3:6.956431721418951
name:test
	score:21.824733596137143
	score0:21.55531786071827
	score1:23.21650977163857
	score2:21.913241023058777
	score3:20.613865729132957
name:test
	score:10.924016759575075
	score0:12.670591250655187
	score1:14.544225392872324
	score2:9.27836727736128
	score3:7.2028831174115
name:test
	score:21.764159341907853
	score0:20.65308768050066
	score1:23.600107691835518
	score2:22.088819279479466
	score3:20.714622715815768
name:test
	score:10.804753929379938
	score0:13.216611624314837
	score1:14.371333161083125
	score2:8.872991879064838
	score3:6.758079053056951
name:test
	score:21.494949004277174
	score0:22.073088273802163
	score1:21.836834045505473
	score2:20.898178569401583
	score3:21.171695128399474
name:test
	score:10.924016759575075
	score0:12.670591250655187
	score1:14.544225392872324
	score2:9.27836727736128
	score3:7.2028831174115
name:test
	score:21.764159341907853
	score0:20.65308768050066
	score1:23.600107691835518
	score2:22.088819279479466
	score3:20.714622715815768
name:test
	score:11.445406563665875
	score0:13.440061643998458
	score1:14.841112116398016
	score2:10.073046887173616
	score3:7.427405607093412
name:test
	score:23.658294590106834
	score0:22.912997046730986
	score1:24.13367981912513
	score2:24.156814006905325
	score3:23.429687487665905
name:test
	score:11.445406563665875
	score0:13.440061643998458
	score1:14.841112116398016
	score2:10.073046887173616
	score3:7.427405607093412
name:test
	score:23.658294590106834
	score0:22.912997046730986
	score1:24.13367981912513
	score2:24.156814006905325
	score3:23.429687487665905
name:test
	score:11.445406563665875
	score0:13.440061643998458
	score1:14.841112116398016
	score2:10.073046887173616
	score3:7.427405607093412
name:test
	score:23.658294590106834
	score0:22.912997046730986
	score1:24.13367981912513
	score2:24.156814006905325
	score3:23.429687487665905
name:test
	score:11.445406563665875
	score0:13.440061643998458
	score1:14.841112116398016
	score2:10.073046887173616
	score3:7.427405607093412
name:test
	score:23.658294590106834
	score0:22.912997046730986
	score1:24.13367981912513
	score2:24.156814006905325
	score3:23.429687487665905
name:test
	score:10.924016759575075
	score0:12.670591250655187
	score1:14.544225392872324
	score2:9.27836727736128
	score3:7.2028831174115
name:test
	score:21.764159341907853
	score0:20.65308768050066
	score1:23.600107691835518
	score2:22.088819279479466
	score3:20.714622715815768
name:test
	score:12.287393997412458
	score0:14.751891156513283
	score1:15.656010735920619
	score2:11.23810899421864
	score3:7.503565102997295
name:test
	score:24.596689479914527
	score0:24.358557121813266
	score1:24.881424344152496
	score2:25.141088192290745
	score3:24.0056882614016
name:test
	score:12.287393997412458
	score0:14.751891156513283
	score1:15.656010735920619
	score2:11.23810899421864
	score3:7.503565102997295
name:test
	score:24.596689479914527
	score0:24.358557121813266
	score1:24.881424344152496
	score2:25.141088192290745
	score3:24.0056882614016
name:test
	score:12.287393997412458
	score0:14.751891156513283
	score1:15.656010735920619
	score2:11.23810899421864
	score3:7.503565102997295
name:test
	score:24.596689479914527
	score0:24.358557121813266
	score1:24.881424344152496
	score2:25.141088192290745
	score3:24.0056882614016
name:test
	score:12.287393997412458
	score0:14.751891156513283
	score1:15.656010735920619
	score2:11.23810899421864
	score3:7.503565102997295
name:test
	score:24.596689479914527
	score0:24.358557121813266
	score1:24.881424344152496
	score2:25.141088192290745
	score3:24.0056882614016
name:test
	score:12.287393997412458
	score0:14.751891156513283
	score1:15.656010735920619
	score2:11.23810899421864
	score3:7.503565102997295
name:test
	score:24.596689479914527
	score0:24.358557121813266
	score1:24.881424344152496
	score2:25.141088192290745
	score3:24.0056882614016
name:test
	score:12.030757603823966
	score0:14.122181740890285
	score1:15.495274429488186
	score2:10.694435617617657
	score3:7.811138627299732
name:test
	score:22.849667490080726
	score0:22.760695931089337
	score1:22.155955963357147
	score2:22.903102725453053
	score3:23.57891534042336
